INFO 09:39:19:310 wdm.WebDriverManager detectDriverVersionFromBrowser:615 Using chromedriver 114.0.5735.90 (since Google Chrome 114 is installed in your machine)
INFO 09:39:19:327 wdm.WebDriverManager exportDriver:1113 Exporting webdriver.chrome.driver as /Users/averkhovskaya/.m2/repository/webdriver/chromedriver/mac64/114.0.5735.90/chromedriver
INFO 09:42:03:264 wdm.WebDriverManager detectDriverVersionFromBrowser:615 Using chromedriver 114.0.5735.90 (since Google Chrome 114 is installed in your machine)
INFO 09:42:03:279 wdm.WebDriverManager exportDriver:1113 Exporting webdriver.chrome.driver as /Users/averkhovskaya/.m2/repository/webdriver/chromedriver/mac64/114.0.5735.90/chromedriver
INFO 09:42:43:122 wdm.WebDriverManager detectDriverVersionFromBrowser:615 Using chromedriver 114.0.5735.90 (since Google Chrome 114 is installed in your machine)
INFO 09:42:43:137 wdm.WebDriverManager exportDriver:1113 Exporting webdriver.chrome.driver as /Users/averkhovskaya/.m2/repository/webdriver/chromedriver/mac64/114.0.5735.90/chromedriver
INFO 10:49:30:887 wdm.WebDriverManager detectDriverVersionFromBrowser:615 Using chromedriver 114.0.5735.90 (since Google Chrome 114 is installed in your machine)
INFO 10:49:30:943 wdm.WebDriverManager exportDriver:1113 Exporting webdriver.chrome.driver as /Users/averkhovskaya/.m2/repository/webdriver/chromedriver/mac64/114.0.5735.90/chromedriver
INFO 10:50:11:276 wdm.WebDriverManager detectDriverVersionFromBrowser:615 Using chromedriver 114.0.5735.90 (since Google Chrome 114 is installed in your machine)
INFO 10:50:11:314 wdm.WebDriverManager exportDriver:1113 Exporting webdriver.chrome.driver as /Users/averkhovskaya/.m2/repository/webdriver/chromedriver/mac64/114.0.5735.90/chromedriver
INFO 11:08:37:750 wdm.WebDriverManager detectDriverVersionFromBrowser:615 Using chromedriver 114.0.5735.90 (since Google Chrome 114 is installed in your machine)
INFO 11:08:37:808 wdm.WebDriverManager exportDriver:1113 Exporting webdriver.chrome.driver as /Users/averkhovskaya/.m2/repository/webdriver/chromedriver/mac64/114.0.5735.90/chromedriver
INFO 11:58:06:958 wdm.WebDriverManager detectDriverVersionFromBrowser:615 Using chromedriver 114.0.5735.90 (since Google Chrome 114 is installed in your machine)
INFO 11:58:06:993 wdm.WebDriverManager exportDriver:1113 Exporting webdriver.chrome.driver as /Users/averkhovskaya/.m2/repository/webdriver/chromedriver/mac64/114.0.5735.90/chromedriver
INFO 12:04:18:662 wdm.WebDriverManager detectDriverVersionFromBrowser:615 Using chromedriver 114.0.5735.90 (since Google Chrome 114 is installed in your machine)
INFO 12:04:18:710 wdm.WebDriverManager exportDriver:1113 Exporting webdriver.chrome.driver as /Users/averkhovskaya/.m2/repository/webdriver/chromedriver/mac64/114.0.5735.90/chromedriver
INFO 12:11:18:214 wdm.WebDriverManager detectDriverVersionFromBrowser:615 Using chromedriver 114.0.5735.90 (since Google Chrome 114 is installed in your machine)
INFO 12:11:18:278 wdm.WebDriverManager exportDriver:1113 Exporting webdriver.chrome.driver as /Users/averkhovskaya/.m2/repository/webdriver/chromedriver/mac64/114.0.5735.90/chromedriver
INFO 12:13:00:312 wdm.WebDriverManager detectDriverVersionFromBrowser:615 Using chromedriver 114.0.5735.90 (since Google Chrome 114 is installed in your machine)
INFO 12:13:00:351 wdm.WebDriverManager exportDriver:1113 Exporting webdriver.chrome.driver as /Users/averkhovskaya/.m2/repository/webdriver/chromedriver/mac64/114.0.5735.90/chromedriver
INFO 12:13:38:216 wdm.WebDriverManager detectDriverVersionFromBrowser:615 Using chromedriver 114.0.5735.90 (since Google Chrome 114 is installed in your machine)
INFO 12:13:38:261 wdm.WebDriverManager exportDriver:1113 Exporting webdriver.chrome.driver as /Users/averkhovskaya/.m2/repository/webdriver/chromedriver/mac64/114.0.5735.90/chromedriver
INFO 12:17:00:796 wdm.WebDriverManager detectDriverVersionFromBrowser:615 Using chromedriver 114.0.5735.90 (since Google Chrome 114 is installed in your machine)
INFO 12:17:00:861 wdm.WebDriverManager exportDriver:1113 Exporting webdriver.chrome.driver as /Users/averkhovskaya/.m2/repository/webdriver/chromedriver/mac64/114.0.5735.90/chromedriver
INFO 12:18:52:425 wdm.WebDriverManager detectDriverVersionFromBrowser:615 Using chromedriver 114.0.5735.90 (since Google Chrome 114 is installed in your machine)
INFO 12:18:52:459 wdm.WebDriverManager exportDriver:1113 Exporting webdriver.chrome.driver as /Users/averkhovskaya/.m2/repository/webdriver/chromedriver/mac64/114.0.5735.90/chromedriver
INFO 12:19:21:604 wdm.WebDriverManager detectDriverVersionFromBrowser:615 Using chromedriver 114.0.5735.90 (since Google Chrome 114 is installed in your machine)
INFO 12:19:21:640 wdm.WebDriverManager exportDriver:1113 Exporting webdriver.chrome.driver as /Users/averkhovskaya/.m2/repository/webdriver/chromedriver/mac64/114.0.5735.90/chromedriver
INFO 12:19:58:900 wdm.WebDriverManager detectDriverVersionFromBrowser:615 Using chromedriver 114.0.5735.90 (since Google Chrome 114 is installed in your machine)
INFO 12:19:58:941 wdm.WebDriverManager exportDriver:1113 Exporting webdriver.chrome.driver as /Users/averkhovskaya/.m2/repository/webdriver/chromedriver/mac64/114.0.5735.90/chromedriver
INFO 12:20:29:837 wdm.WebDriverManager detectDriverVersionFromBrowser:615 Using chromedriver 114.0.5735.90 (since Google Chrome 114 is installed in your machine)
INFO 12:20:29:881 wdm.WebDriverManager exportDriver:1113 Exporting webdriver.chrome.driver as /Users/averkhovskaya/.m2/repository/webdriver/chromedriver/mac64/114.0.5735.90/chromedriver
INFO 20:49:22:987 wdm.WebDriverManager detectDriverVersionFromBrowser:615 Using chromedriver 114.0.5735.90 (since Google Chrome 114 is installed in your machine)
INFO 20:49:23:012 wdm.WebDriverManager getDriversFromXml:1077 Reading https://chromedriver.storage.googleapis.com/ to seek chromedriver
INFO 20:49:23:502 wdm.Downloader downloadAndExtract:128 Downloading https://chromedriver.storage.googleapis.com/114.0.5735.90/chromedriver_mac64.zip
INFO 20:49:23:853 wdm.Downloader extract:183 Extracting binary from compressed file chromedriver_mac64.zip
INFO 20:49:24:015 wdm.WebDriverManager exportDriver:1113 Exporting webdriver.chrome.driver as /Users/milantiwari/.m2/repository/webdriver/chromedriver/mac64/114.0.5735.90/chromedriver
INFO 20:49:30:492 wdm.WebDriverManager detectDriverVersionFromBrowser:615 Using chromedriver 114.0.5735.90 (since Google Chrome 114 is installed in your machine)
INFO 20:49:30:496 wdm.WebDriverManager exportDriver:1113 Exporting webdriver.chrome.driver as /Users/milantiwari/.m2/repository/webdriver/chromedriver/mac64/114.0.5735.90/chromedriver
INFO 21:48:14:452 wdm.WebDriverManager detectDriverVersionFromBrowser:615 Using chromedriver 114.0.5735.90 (since Google Chrome 114 is installed in your machine)
INFO 21:48:14:472 wdm.WebDriverManager exportDriver:1113 Exporting webdriver.chrome.driver as /Users/milantiwari/.m2/repository/webdriver/chromedriver/mac64/114.0.5735.90/chromedriver
INFO 21:54:18:614 wdm.WebDriverManager detectDriverVersionFromBrowser:615 Using chromedriver 114.0.5735.90 (since Google Chrome 114 is installed in your machine)
INFO 21:54:18:634 wdm.WebDriverManager exportDriver:1113 Exporting webdriver.chrome.driver as /Users/milantiwari/.m2/repository/webdriver/chromedriver/mac64/114.0.5735.90/chromedriver
INFO 22:01:58:846 wdm.WebDriverManager detectDriverVersionFromBrowser:615 Using chromedriver 114.0.5735.90 (since Google Chrome 114 is installed in your machine)
INFO 22:01:58:866 wdm.WebDriverManager exportDriver:1113 Exporting webdriver.chrome.driver as /Users/milantiwari/.m2/repository/webdriver/chromedriver/mac64/114.0.5735.90/chromedriver
INFO 22:03:47:096 wdm.WebDriverManager detectDriverVersionFromBrowser:615 Using chromedriver 114.0.5735.90 (since Google Chrome 114 is installed in your machine)
INFO 22:03:47:114 wdm.WebDriverManager exportDriver:1113 Exporting webdriver.chrome.driver as /Users/milantiwari/.m2/repository/webdriver/chromedriver/mac64/114.0.5735.90/chromedriver
INFO 22:04:57:466 wdm.WebDriverManager detectDriverVersionFromBrowser:615 Using chromedriver 114.0.5735.90 (since Google Chrome 114 is installed in your machine)
INFO 22:04:57:482 wdm.WebDriverManager exportDriver:1113 Exporting webdriver.chrome.driver as /Users/milantiwari/.m2/repository/webdriver/chromedriver/mac64/114.0.5735.90/chromedriver
INFO 22:13:29:226 wdm.WebDriverManager detectDriverVersionFromBrowser:615 Using chromedriver 114.0.5735.90 (since Google Chrome 114 is installed in your machine)
INFO 22:13:29:242 wdm.WebDriverManager exportDriver:1113 Exporting webdriver.chrome.driver as /Users/milantiwari/.m2/repository/webdriver/chromedriver/mac64/114.0.5735.90/chromedriver
INFO 11:28:56:915 wdm.WebDriverManager detectDriverVersionFromBrowser:615 Using chromedriver 114.0.5735.90 (since Google Chrome 114 is installed in your machine)
INFO 11:28:56:938 wdm.WebDriverManager exportDriver:1113 Exporting webdriver.chrome.driver as /Users/milantiwari/.m2/repository/webdriver/chromedriver/mac64/114.0.5735.90/chromedriver
INFO 11:33:36:882 wdm.WebDriverManager detectDriverVersionFromBrowser:615 Using chromedriver 114.0.5735.90 (since Google Chrome 114 is installed in your machine)
INFO 11:33:36:902 wdm.WebDriverManager exportDriver:1113 Exporting webdriver.chrome.driver as /Users/milantiwari/.m2/repository/webdriver/chromedriver/mac64/114.0.5735.90/chromedriver
INFO 11:45:02:038 wdm.WebDriverManager detectDriverVersionFromBrowser:615 Using chromedriver 114.0.5735.90 (since Google Chrome 114 is installed in your machine)
INFO 11:45:02:052 wdm.WebDriverManager exportDriver:1113 Exporting webdriver.chrome.driver as /Users/milantiwari/.m2/repository/webdriver/chromedriver/mac64/114.0.5735.90/chromedriver
INFO 11:50:49:438 wdm.WebDriverManager detectDriverVersionFromBrowser:615 Using chromedriver 114.0.5735.90 (since Google Chrome 114 is installed in your machine)
INFO 11:50:49:455 wdm.WebDriverManager exportDriver:1113 Exporting webdriver.chrome.driver as /Users/milantiwari/.m2/repository/webdriver/chromedriver/mac64/114.0.5735.90/chromedriver
INFO 12:11:03:520 wdm.WebDriverManager detectDriverVersionFromBrowser:615 Using chromedriver 114.0.5735.90 (since Google Chrome 114 is installed in your machine)
INFO 12:11:03:540 wdm.WebDriverManager exportDriver:1113 Exporting webdriver.chrome.driver as /Users/milantiwari/.m2/repository/webdriver/chromedriver/mac64/114.0.5735.90/chromedriver
INFO 12:16:36:835 wdm.WebDriverManager detectDriverVersionFromBrowser:615 Using chromedriver 114.0.5735.90 (since Google Chrome 114 is installed in your machine)
INFO 12:16:36:874 wdm.WebDriverManager exportDriver:1113 Exporting webdriver.chrome.driver as /Users/milantiwari/.m2/repository/webdriver/chromedriver/mac64/114.0.5735.90/chromedriver
INFO 12:21:41:017 wdm.WebDriverManager detectDriverVersionFromBrowser:615 Using chromedriver 114.0.5735.90 (since Google Chrome 114 is installed in your machine)
INFO 12:21:41:036 wdm.WebDriverManager exportDriver:1113 Exporting webdriver.chrome.driver as /Users/milantiwari/.m2/repository/webdriver/chromedriver/mac64/114.0.5735.90/chromedriver
INFO 13:01:54:247 wdm.WebDriverManager detectDriverVersionFromBrowser:615 Using chromedriver 114.0.5735.90 (since Google Chrome 114 is installed in your machine)
INFO 13:01:54:266 wdm.WebDriverManager exportDriver:1113 Exporting webdriver.chrome.driver as /Users/milantiwari/.m2/repository/webdriver/chromedriver/mac64/114.0.5735.90/chromedriver
INFO 13:02:03:393 wdm.WebDriverManager detectDriverVersionFromBrowser:615 Using chromedriver 114.0.5735.90 (since Google Chrome 114 is installed in your machine)
INFO 13:02:03:397 wdm.WebDriverManager exportDriver:1113 Exporting webdriver.chrome.driver as /Users/milantiwari/.m2/repository/webdriver/chromedriver/mac64/114.0.5735.90/chromedriver
INFO 13:02:25:959 wdm.WebDriverManager detectDriverVersionFromBrowser:615 Using chromedriver 114.0.5735.90 (since Google Chrome 114 is installed in your machine)
INFO 13:02:25:977 wdm.WebDriverManager exportDriver:1113 Exporting webdriver.chrome.driver as /Users/milantiwari/.m2/repository/webdriver/chromedriver/mac64/114.0.5735.90/chromedriver
INFO 19:55:11:001 wdm.WebDriverManager detectDriverVersionFromBrowser:615 Using chromedriver 114.0.5735.90 (since Google Chrome 114 is installed in your machine)
INFO 19:55:11:027 wdm.WebDriverManager exportDriver:1113 Exporting webdriver.chrome.driver as /Users/milantiwari/.m2/repository/webdriver/chromedriver/mac64/114.0.5735.90/chromedriver
INFO 20:03:48:456 wdm.WebDriverManager detectDriverVersionFromBrowser:615 Using chromedriver 114.0.5735.90 (since Google Chrome 114 is installed in your machine)
INFO 20:03:48:477 wdm.WebDriverManager exportDriver:1113 Exporting webdriver.chrome.driver as /Users/milantiwari/.m2/repository/webdriver/chromedriver/mac64/114.0.5735.90/chromedriver
INFO 21:52:32:576 wdm.WebDriverManager detectDriverVersionFromBrowser:615 Using chromedriver 114.0.5735.90 (since Google Chrome 114 is installed in your machine)
INFO 21:52:32:597 wdm.WebDriverManager exportDriver:1113 Exporting webdriver.chrome.driver as /Users/milantiwari/.m2/repository/webdriver/chromedriver/mac64/114.0.5735.90/chromedriver
INFO 21:55:51:271 wdm.WebDriverManager detectDriverVersionFromBrowser:615 Using chromedriver 114.0.5735.90 (since Google Chrome 114 is installed in your machine)
INFO 21:55:51:291 wdm.WebDriverManager exportDriver:1113 Exporting webdriver.chrome.driver as /Users/milantiwari/.m2/repository/webdriver/chromedriver/mac64/114.0.5735.90/chromedriver
INFO 22:24:42:808 wdm.WebDriverManager detectDriverVersionFromBrowser:615 Using chromedriver 114.0.5735.90 (since Google Chrome 114 is installed in your machine)
INFO 22:24:42:831 wdm.WebDriverManager exportDriver:1113 Exporting webdriver.chrome.driver as /Users/milantiwari/.m2/repository/webdriver/chromedriver/mac64/114.0.5735.90/chromedriver
INFO 22:44:01:158 wdm.WebDriverManager detectDriverVersionFromBrowser:615 Using chromedriver 114.0.5735.90 (since Google Chrome 114 is installed in your machine)
INFO 22:44:01:179 wdm.WebDriverManager exportDriver:1113 Exporting webdriver.chrome.driver as /Users/milantiwari/.m2/repository/webdriver/chromedriver/mac64/114.0.5735.90/chromedriver
INFO 22:45:27:872 wdm.WebDriverManager detectDriverVersionFromBrowser:615 Using chromedriver 114.0.5735.90 (since Google Chrome 114 is installed in your machine)
INFO 22:45:27:888 wdm.WebDriverManager exportDriver:1113 Exporting webdriver.chrome.driver as /Users/milantiwari/.m2/repository/webdriver/chromedriver/mac64/114.0.5735.90/chromedriver
INFO 22:46:27:091 wdm.WebDriverManager detectDriverVersionFromBrowser:615 Using chromedriver 114.0.5735.90 (since Google Chrome 114 is installed in your machine)
INFO 22:46:27:107 wdm.WebDriverManager exportDriver:1113 Exporting webdriver.chrome.driver as /Users/milantiwari/.m2/repository/webdriver/chromedriver/mac64/114.0.5735.90/chromedriver
INFO 22:47:03:338 wdm.WebDriverManager detectDriverVersionFromBrowser:615 Using chromedriver 114.0.5735.90 (since Google Chrome 114 is installed in your machine)
INFO 22:47:03:352 wdm.WebDriverManager exportDriver:1113 Exporting webdriver.chrome.driver as /Users/milantiwari/.m2/repository/webdriver/chromedriver/mac64/114.0.5735.90/chromedriver
INFO 22:49:31:253 wdm.WebDriverManager detectDriverVersionFromBrowser:615 Using chromedriver 114.0.5735.90 (since Google Chrome 114 is installed in your machine)
INFO 22:49:31:273 wdm.WebDriverManager exportDriver:1113 Exporting webdriver.chrome.driver as /Users/milantiwari/.m2/repository/webdriver/chromedriver/mac64/114.0.5735.90/chromedriver
INFO 22:51:34:579 wdm.WebDriverManager detectDriverVersionFromBrowser:615 Using chromedriver 114.0.5735.90 (since Google Chrome 114 is installed in your machine)
INFO 22:51:34:600 wdm.WebDriverManager exportDriver:1113 Exporting webdriver.chrome.driver as /Users/milantiwari/.m2/repository/webdriver/chromedriver/mac64/114.0.5735.90/chromedriver
INFO 22:52:36:534 wdm.WebDriverManager detectDriverVersionFromBrowser:615 Using chromedriver 114.0.5735.90 (since Google Chrome 114 is installed in your machine)
INFO 22:52:36:551 wdm.WebDriverManager exportDriver:1113 Exporting webdriver.chrome.driver as /Users/milantiwari/.m2/repository/webdriver/chromedriver/mac64/114.0.5735.90/chromedriver
INFO 23:03:56:217 wdm.WebDriverManager detectDriverVersionFromBrowser:615 Using chromedriver 114.0.5735.90 (since Google Chrome 114 is installed in your machine)
INFO 23:03:56:238 wdm.WebDriverManager exportDriver:1113 Exporting webdriver.chrome.driver as /Users/milantiwari/.m2/repository/webdriver/chromedriver/mac64/114.0.5735.90/chromedriver
INFO 23:11:44:474 wdm.WebDriverManager detectDriverVersionFromBrowser:615 Using chromedriver 114.0.5735.90 (since Google Chrome 114 is installed in your machine)
INFO 23:11:44:494 wdm.WebDriverManager exportDriver:1113 Exporting webdriver.chrome.driver as /Users/milantiwari/.m2/repository/webdriver/chromedriver/mac64/114.0.5735.90/chromedriver
INFO 23:23:18:962 wdm.WebDriverManager detectDriverVersionFromBrowser:615 Using chromedriver 114.0.5735.90 (since Google Chrome 114 is installed in your machine)
INFO 23:23:18:984 wdm.WebDriverManager exportDriver:1113 Exporting webdriver.chrome.driver as /Users/milantiwari/.m2/repository/webdriver/chromedriver/mac64/114.0.5735.90/chromedriver
INFO 23:25:01:149 wdm.WebDriverManager detectDriverVersionFromBrowser:615 Using chromedriver 114.0.5735.90 (since Google Chrome 114 is installed in your machine)
INFO 23:25:01:162 wdm.WebDriverManager exportDriver:1113 Exporting webdriver.chrome.driver as /Users/milantiwari/.m2/repository/webdriver/chromedriver/mac64/114.0.5735.90/chromedriver
INFO 23:26:04:308 wdm.WebDriverManager detectDriverVersionFromBrowser:615 Using chromedriver 114.0.5735.90 (since Google Chrome 114 is installed in your machine)
INFO 23:26:04:324 wdm.WebDriverManager exportDriver:1113 Exporting webdriver.chrome.driver as /Users/milantiwari/.m2/repository/webdriver/chromedriver/mac64/114.0.5735.90/chromedriver
INFO 23:26:21:009 wdm.WebDriverManager detectDriverVersionFromBrowser:615 Using chromedriver 114.0.5735.90 (since Google Chrome 114 is installed in your machine)
INFO 23:26:21:024 wdm.WebDriverManager exportDriver:1113 Exporting webdriver.chrome.driver as /Users/milantiwari/.m2/repository/webdriver/chromedriver/mac64/114.0.5735.90/chromedriver
INFO 23:28:27:388 wdm.WebDriverManager detectDriverVersionFromBrowser:615 Using chromedriver 114.0.5735.90 (since Google Chrome 114 is installed in your machine)
INFO 23:28:27:402 wdm.WebDriverManager exportDriver:1113 Exporting webdriver.chrome.driver as /Users/milantiwari/.m2/repository/webdriver/chromedriver/mac64/114.0.5735.90/chromedriver
INFO 23:29:06:052 wdm.WebDriverManager detectDriverVersionFromBrowser:615 Using chromedriver 114.0.5735.90 (since Google Chrome 114 is installed in your machine)
INFO 23:29:06:069 wdm.WebDriverManager exportDriver:1113 Exporting webdriver.chrome.driver as /Users/milantiwari/.m2/repository/webdriver/chromedriver/mac64/114.0.5735.90/chromedriver
INFO 23:32:09:156 wdm.WebDriverManager detectDriverVersionFromBrowser:615 Using chromedriver 114.0.5735.90 (since Google Chrome 114 is installed in your machine)
INFO 23:32:09:168 wdm.WebDriverManager exportDriver:1113 Exporting webdriver.chrome.driver as /Users/milantiwari/.m2/repository/webdriver/chromedriver/mac64/114.0.5735.90/chromedriver
INFO 23:32:31:836 wdm.WebDriverManager detectDriverVersionFromBrowser:615 Using chromedriver 114.0.5735.90 (since Google Chrome 114 is installed in your machine)
INFO 23:32:31:850 wdm.WebDriverManager exportDriver:1113 Exporting webdriver.chrome.driver as /Users/milantiwari/.m2/repository/webdriver/chromedriver/mac64/114.0.5735.90/chromedriver
INFO 23:40:20:755 wdm.WebDriverManager detectDriverVersionFromBrowser:615 Using chromedriver 114.0.5735.90 (since Google Chrome 114 is installed in your machine)
INFO 23:40:20:771 wdm.WebDriverManager exportDriver:1113 Exporting webdriver.chrome.driver as /Users/milantiwari/.m2/repository/webdriver/chromedriver/mac64/114.0.5735.90/chromedriver
INFO 23:41:43:583 wdm.WebDriverManager detectDriverVersionFromBrowser:615 Using chromedriver 114.0.5735.90 (since Google Chrome 114 is installed in your machine)
INFO 23:41:43:598 wdm.WebDriverManager exportDriver:1113 Exporting webdriver.chrome.driver as /Users/milantiwari/.m2/repository/webdriver/chromedriver/mac64/114.0.5735.90/chromedriver
INFO 23:45:17:728 wdm.WebDriverManager detectDriverVersionFromBrowser:615 Using chromedriver 114.0.5735.90 (since Google Chrome 114 is installed in your machine)
INFO 23:45:17:740 wdm.WebDriverManager exportDriver:1113 Exporting webdriver.chrome.driver as /Users/milantiwari/.m2/repository/webdriver/chromedriver/mac64/114.0.5735.90/chromedriver
INFO 09:59:50:254 wdm.WebDriverManager detectDriverVersionFromBrowser:615 Using chromedriver 114.0.5735.90 (since Google Chrome 114 is installed in your machine)
INFO 09:59:50:272 wdm.WebDriverManager exportDriver:1113 Exporting webdriver.chrome.driver as /Users/milantiwari/.m2/repository/webdriver/chromedriver/mac64/114.0.5735.90/chromedriver
INFO 10:19:39:000 wdm.WebDriverManager detectDriverVersionFromBrowser:615 Using chromedriver 114.0.5735.90 (since Google Chrome 114 is installed in your machine)
INFO 10:19:39:020 wdm.WebDriverManager exportDriver:1113 Exporting webdriver.chrome.driver as /Users/milantiwari/.m2/repository/webdriver/chromedriver/mac64/114.0.5735.90/chromedriver
